Using pre-set license
Built from '2020.3/staging' branch; Version is '2020.3.24f1 (79c78de19888) revision 7980941'; Using compiler version '192528614'; Build Type 'Release'
OS: 'Windows 10  (10.0.19044) 64bit CoreSingleLanguage' Language: 'en' Physical Memory: 8066 MB
BatchMode: 1, IsHumanControllingUs: 0, StartBugReporterOnCrash: 0, Is64bit: 1, IsPro: 0

COMMAND LINE ARGUMENTS:
C:\Program Files\Unity\Hub\Editor\2020.3.24f1\Editor\Unity.exe
-adb2
-batchMode
-noUpm
-name
AssetImportWorker0
-projectPath
C:/Users/SWASTIK/Desktop/HawkVisum/MapBox
-logFile
Logs/AssetImportWorker0.log
-srvPort
60510
Successfully changed project path to: C:/Users/SWASTIK/Desktop/HawkVisum/MapBox
C:/Users/SWASTIK/Desktop/HawkVisum/MapBox
Using Asset Import Pipeline V2.
Refreshing native plugins compatible for Editor in 205.60 ms, found 3 plugins.
Preloading 0 native plugins for Editor in 0.00 ms.
Initialize engine version: 2020.3.24f1 (79c78de19888)
[Subsystems] Discovering subsystems at path C:/Program Files/Unity/Hub/Editor/2020.3.24f1/Editor/Data/Resources/UnitySubsystems
[Subsystems] Discovering subsystems at path C:/Users/SWASTIK/Desktop/HawkVisum/MapBox/Assets
GfxDevice: creating device client; threaded=0
Direct3D:
    Version:  Direct3D 11.0 [level 11.1]
    Renderer: NVIDIA GeForce GTX 1050 (ID=0x1c8d)
    Vendor:   
    VRAM:     4019 MB
    Driver:   27.21.14.5749
Initialize mono
Mono path[0] = 'C:/Program Files/Unity/Hub/Editor/2020.3.24f1/Editor/Data/Managed'
Mono path[1] = 'C:/Program Files/Unity/Hub/Editor/2020.3.24f1/Editor/Data/MonoBleedingEdge/lib/mono/unityjit'
Mono config path = 'C:/Program Files/Unity/Hub/Editor/2020.3.24f1/Editor/Data/MonoBleedingEdge/etc'
Using monoOptions --debugger-agent=transport=dt_socket,embedding=1,server=y,suspend=n,address=127.0.0.1:56000
Begin MonoManager ReloadAssembly
Registering precompiled unity dll's ...
Register platform support module: C:/Program Files/Unity/Hub/Editor/2020.3.24f1/Editor/Data/PlaybackEngines/WindowsStandaloneSupport/UnityEditor.WindowsStandalone.Extensions.dll
Registered in 0.004263 seconds.
Native extension for WindowsStandalone target not found
Refreshing native plugins compatible for Editor in 48.57 ms, found 3 plugins.
Preloading 0 native plugins for Editor in 0.00 ms.
Mono: successfully reloaded assembly
- Completed reload, in  0.617 seconds
Domain Reload Profiling:
	ReloadAssembly (617ms)
		BeginReloadAssembly (71ms)
			ExecutionOrderSort (0ms)
			DisableScriptedObjects (0ms)
			BackupInstance (0ms)
			ReleaseScriptingObjects (0ms)
			CreateAndSetChildDomain (1ms)
		EndReloadAssembly (459ms)
			LoadAssemblies (68ms)
			RebuildTransferFunctionScriptingTraits (0ms)
			SetupTypeCache (150ms)
			ReleaseScriptCaches (0ms)
			RebuildScriptCaches (29ms)
			SetupLoadedEditorAssemblies (176ms)
				LogAssemblyErrors (0ms)
				InitializePlatformSupportModulesInManaged (4ms)
				SetLoadedEditorAssemblies (0ms)
				RefreshPlugins (49ms)
				BeforeProcessingInitializeOnLoad (17ms)
				ProcessInitializeOnLoadAttributes (79ms)
				ProcessInitializeOnLoadMethodAttributes (26ms)
				AfterProcessingInitializeOnLoad (0ms)
				EditorAssembliesLoaded (0ms)
			ExecutionOrderSort2 (0ms)
			AwakeInstancesAfterBackupRestoration (0ms)
Platform modules already initialized, skipping
Registering precompiled user dll's ...
Registered in 0.034559 seconds.
Begin MonoManager ReloadAssembly
Native extension for WindowsStandalone target not found
Refreshing native plugins compatible for Editor in 0.89 ms, found 3 plugins.
Preloading 0 native plugins for Editor in 0.00 ms.
Mono: successfully reloaded assembly
- Completed reload, in  1.189 seconds
Domain Reload Profiling:
	ReloadAssembly (1190ms)
		BeginReloadAssembly (141ms)
			ExecutionOrderSort (0ms)
			DisableScriptedObjects (4ms)
			BackupInstance (0ms)
			ReleaseScriptingObjects (0ms)
			CreateAndSetChildDomain (18ms)
		EndReloadAssembly (988ms)
			LoadAssemblies (155ms)
			RebuildTransferFunctionScriptingTraits (0ms)
			SetupTypeCache (361ms)
			ReleaseScriptCaches (0ms)
			RebuildScriptCaches (50ms)
			SetupLoadedEditorAssemblies (327ms)
				LogAssemblyErrors (0ms)
				InitializePlatformSupportModulesInManaged (4ms)
				SetLoadedEditorAssemblies (0ms)
				RefreshPlugins (1ms)
				BeforeProcessingInitializeOnLoad (97ms)
				ProcessInitializeOnLoadAttributes (203ms)
				ProcessInitializeOnLoadMethodAttributes (16ms)
				AfterProcessingInitializeOnLoad (6ms)
				EditorAssembliesLoaded (0ms)
			ExecutionOrderSort2 (0ms)
			AwakeInstancesAfterBackupRestoration (6ms)
Platform modules already initialized, skipping
========================================================================
Worker process is ready to serve import requests
Launched and connected shader compiler UnityShaderCompiler.exe after 0.09 seconds
Refreshing native plugins compatible for Editor in 0.76 ms, found 3 plugins.
Preloading 0 native plugins for Editor in 0.00 ms.
Unloading 2493 Unused Serialized files (Serialized files now loaded: 0)
System memory in use before: 112.4 MB.
System memory in use after: 112.6 MB.

Unloading 66 unused Assets to reduce memory usage. Loaded Objects now: 2896.
Total: 4.445600 ms (FindLiveObjects: 0.243700 ms CreateObjectMapping: 0.104500 ms MarkObjects: 3.987800 ms  DeleteObjects: 0.108200 ms)

AssetImportParameters requested are different than current active one (requested -> active):
  custom:framework-win-MediaFoundation: 216162199b28c13a410421893ffa2e32 -> 
  custom:video-decoder-ogg-theora: a1e56fd34408186e4bbccfd4996cb3dc -> 
  custom:container-muxer-webm: aa71ff27fc2769a1b78a27578f13a17b -> 
  custom:container-demuxer-webm: 4f35f7cbe854078d1ac9338744f61a02 -> 
  custom:container-demuxer-ogg: 62fdf1f143b41e24485cea50d1cbac27 -> 
  custom:video-encoder-webm-vp8: eb34c28f22e8b96e1ab97ce403110664 -> 
  custom:video-decoder-webm-vp8: 9c59270c3fd7afecdb556c50c9e8de78 -> 
  custom:audio-decoder-ogg-vorbis: bf7c407c2cedff20999df2af8eb42d56 -> 
  custom:audio-encoder-webm-vorbis: bf7c407c2cedff20999df2af8eb42d56 -> 
========================================================================
Received Import Request.
  path: Assets/_Bad_Raccoon/_3D Realistic Terrain Free/Terrains/Terrain_A.prefab
  artifactKey: Guid(80a25b3596c79c3469cefdec12b31546) Importer(815301076,1909f56bfc062723c751e8b465ee728b)
Start importing Assets/_Bad_Raccoon/_3D Realistic Terrain Free/Terrains/Terrain_A.prefab using Guid(80a25b3596c79c3469cefdec12b31546) Importer(815301076,1909f56bfc062723c751e8b465ee728b)  -> (artifact id: '5c2701dca59bff5060ccbb955a238296') in 0.048662 seconds 
  Import took 0.052246 seconds .

========================================================================
Received Import Request.
  Time since last request: 0.000319 seconds.
  path: Assets/_Bad_Raccoon/_3D Realistic Terrain Free/Terrains/Terrain_A.asset
  artifactKey: Guid(23d26b86ae9aa7042832be147d4e4f83) Importer(815301076,1909f56bfc062723c751e8b465ee728b)
Start importing Assets/_Bad_Raccoon/_3D Realistic Terrain Free/Terrains/Terrain_A.asset using Guid(23d26b86ae9aa7042832be147d4e4f83) Importer(815301076,1909f56bfc062723c751e8b465ee728b)  -> (artifact id: 'b2414dcd09a416000d013e2ce3e86fb0') in 0.172942 seconds 
  Import took 0.177266 seconds .

========================================================================
Received Import Request.
  Time since last request: 0.000305 seconds.
  path: Assets/_Bad_Raccoon/_3D Realistic Terrain Free/Terrains
  artifactKey: Guid(f4e8e434242591b43bae295c8f9dbec5) Importer(815301076,1909f56bfc062723c751e8b465ee728b)
Start importing Assets/_Bad_Raccoon/_3D Realistic Terrain Free/Terrains using Guid(f4e8e434242591b43bae295c8f9dbec5) Importer(815301076,1909f56bfc062723c751e8b465ee728b)  -> (artifact id: 'f95fe021758df78a2259c282ae978c4d') in 0.008548 seconds 
  Import took 0.013978 seconds .

========================================================================
Received Import Request.
  Time since last request: 0.000226 seconds.
  path: Assets/_Bad_Raccoon/_3D Realistic Terrain Free/Terrains/Terrain_Diffuse.terrainlayer
  artifactKey: Guid(137d633620436354481d24463efb3deb) Importer(815301076,1909f56bfc062723c751e8b465ee728b)
Start importing Assets/_Bad_Raccoon/_3D Realistic Terrain Free/Terrains/Terrain_Diffuse.terrainlayer using Guid(137d633620436354481d24463efb3deb) Importer(815301076,1909f56bfc062723c751e8b465ee728b)  -> (artifact id: '50b15ce01cb22719e3d3ae4356f7ee00') in 0.229102 seconds 
  Import took 0.242294 seconds .

========================================================================
Received Import Request.
  Time since last request: 0.000265 seconds.
  path: Assets/_Bad_Raccoon/_3D Realistic Terrain Free
  artifactKey: Guid(6b0f06bdcb65608489784d1d79eb6506) Importer(815301076,1909f56bfc062723c751e8b465ee728b)
Start importing Assets/_Bad_Raccoon/_3D Realistic Terrain Free using Guid(6b0f06bdcb65608489784d1d79eb6506) Importer(815301076,1909f56bfc062723c751e8b465ee728b)  -> (artifact id: '04ef5276c5a4997400fb52e349b732e6') in 0.004511 seconds 
  Import took 0.008139 seconds .

========================================================================
Received Import Request.
  Time since last request: 0.000253 seconds.
  path: Assets/_Bad_Raccoon/_3D Realistic Terrain Free/Terrains/Terrain_A.mat
  artifactKey: Guid(67d8742ef68267b4895b0a8c82145879) Importer(815301076,1909f56bfc062723c751e8b465ee728b)
Start importing Assets/_Bad_Raccoon/_3D Realistic Terrain Free/Terrains/Terrain_A.mat using Guid(67d8742ef68267b4895b0a8c82145879) Importer(815301076,1909f56bfc062723c751e8b465ee728b)  -> (artifact id: '997168d8165bc346c09c8b6e56b81e5b') in 0.552219 seconds 
  Import took 0.577807 seconds .

========================================================================
Received Import Request.
  Time since last request: 17.730616 seconds.
  path: Assets/_Bad_Raccoon/_3D Realistic Terrain Free/Prefabs/Particle_Cloud_Atmos_A.prefab
  artifactKey: Guid(66f7129f685bccb4082b66a0cc4c3c99) Importer(815301076,1909f56bfc062723c751e8b465ee728b)
Start importing Assets/_Bad_Raccoon/_3D Realistic Terrain Free/Prefabs/Particle_Cloud_Atmos_A.prefab using Guid(66f7129f685bccb4082b66a0cc4c3c99) Importer(815301076,1909f56bfc062723c751e8b465ee728b)  -> (artifact id: '286dea6fff39b687685482df914a78f2') in 0.050298 seconds 
  Import took 0.054345 seconds .

========================================================================
Received Import Request.
  Time since last request: 0.000299 seconds.
  path: Assets/_Bad_Raccoon/_3D Realistic Terrain Free/Prefabs/Particle_Cloud_Atmos_B.prefab
  artifactKey: Guid(4e5bf2674ffac8d48acc0a1cc9200a67) Importer(815301076,1909f56bfc062723c751e8b465ee728b)
Start importing Assets/_Bad_Raccoon/_3D Realistic Terrain Free/Prefabs/Particle_Cloud_Atmos_B.prefab using Guid(4e5bf2674ffac8d48acc0a1cc9200a67) Importer(815301076,1909f56bfc062723c751e8b465ee728b)  -> (artifact id: '2882f7151b5e825284b4993dcf1ff140') in 0.015894 seconds 
  Import took 0.019936 seconds .

========================================================================
Received Import Request.
  Time since last request: 2.842437 seconds.
  path: Assets/_Bad_Raccoon/_3D Realistic Terrain Free/Example_01/LightingData.asset
  artifactKey: Guid(6f93540415d98e246bc508281cdacc30) Importer(815301076,1909f56bfc062723c751e8b465ee728b)
Start importing Assets/_Bad_Raccoon/_3D Realistic Terrain Free/Example_01/LightingData.asset using Guid(6f93540415d98e246bc508281cdacc30) Importer(815301076,1909f56bfc062723c751e8b465ee728b)  -> (artifact id: '45ab3b7f945ac93e60fdaf8049709d18') in 0.007517 seconds 
  Import took 0.011443 seconds .

========================================================================
Received Import Request.
  Time since last request: 0.000289 seconds.
  path: Assets/_Bad_Raccoon/_3D Realistic Terrain Free/Example_01/ReflectionProbe-0.exr
  artifactKey: Guid(c27c16560abed1d42b6e480044cc1927) Importer(815301076,1909f56bfc062723c751e8b465ee728b)
Start importing Assets/_Bad_Raccoon/_3D Realistic Terrain Free/Example_01/ReflectionProbe-0.exr using Guid(c27c16560abed1d42b6e480044cc1927) Importer(815301076,1909f56bfc062723c751e8b465ee728b)  -> (artifact id: '1b21ef2d779435e79f97c188b063f8f8') in 0.025050 seconds 
  Import took 0.028523 seconds .

========================================================================
Received Import Request.
  Time since last request: 3.173806 seconds.
  path: Assets/_Bad_Raccoon/_3D Realistic Terrain Free/Example_01
  artifactKey: Guid(b2b53254b8d62664abc43d7861467de4) Importer(815301076,1909f56bfc062723c751e8b465ee728b)
Start importing Assets/_Bad_Raccoon/_3D Realistic Terrain Free/Example_01 using Guid(b2b53254b8d62664abc43d7861467de4) Importer(815301076,1909f56bfc062723c751e8b465ee728b)  -> (artifact id: '76cb47e690f5304811101ed6ae6a1704') in 0.010184 seconds 
  Import took 0.015661 seconds .

========================================================================
Received Import Request.
  Time since last request: 5.080266 seconds.
  path: Assets/_Bad_Raccoon/_3D Realistic Terrain Free/Textures/Ao_4K_Flat_A.png
  artifactKey: Guid(a232a6eb993443a46a05026f0c5bf755) Importer(815301076,1909f56bfc062723c751e8b465ee728b)
Start importing Assets/_Bad_Raccoon/_3D Realistic Terrain Free/Textures/Ao_4K_Flat_A.png using Guid(a232a6eb993443a46a05026f0c5bf755) Importer(815301076,1909f56bfc062723c751e8b465ee728b)  -> (artifact id: 'f7f7179048afb81edc7ece61b0a51bd6') in 0.024041 seconds 
  Import took 0.028434 seconds .

========================================================================
Received Import Request.
  Time since last request: 0.000302 seconds.
  path: Assets/_Bad_Raccoon/_3D Realistic Terrain Free/Textures/Detail_Bump_01.png
  artifactKey: Guid(81ffbb4169ee1bd478a96b890f63e665) Importer(815301076,1909f56bfc062723c751e8b465ee728b)
Start importing Assets/_Bad_Raccoon/_3D Realistic Terrain Free/Textures/Detail_Bump_01.png using Guid(81ffbb4169ee1bd478a96b890f63e665) Importer(815301076,1909f56bfc062723c751e8b465ee728b)  -> (artifact id: 'fc28d27f11d47adb1df00c4f0f611c8a') in 0.035120 seconds 
  Import took 0.039713 seconds .

========================================================================
Received Import Request.
  Time since last request: 0.000313 seconds.
  path: Assets/_Bad_Raccoon/_3D Realistic Terrain Free/Textures/Skybox.mat
  artifactKey: Guid(a91a831221cf96c42a5483d5ce1d14e4) Importer(815301076,1909f56bfc062723c751e8b465ee728b)
Start importing Assets/_Bad_Raccoon/_3D Realistic Terrain Free/Textures/Skybox.mat using Guid(a91a831221cf96c42a5483d5ce1d14e4) Importer(815301076,1909f56bfc062723c751e8b465ee728b)  -> (artifact id: '19bedc69fdbb3bcec001b60c3b6e2d02') in 0.088328 seconds 
  Import took 0.091828 seconds .

========================================================================
Received Import Request.
  Time since last request: 0.000306 seconds.
  path: Assets/_Bad_Raccoon/_3D Realistic Terrain Free/Textures/Grass_Sprite_01.psd
  artifactKey: Guid(003130d2c67e6e34ea2cb4755e0df65c) Importer(815301076,1909f56bfc062723c751e8b465ee728b)
Start importing Assets/_Bad_Raccoon/_3D Realistic Terrain Free/Textures/Grass_Sprite_01.psd using Guid(003130d2c67e6e34ea2cb4755e0df65c) Importer(815301076,1909f56bfc062723c751e8b465ee728b)  -> (artifact id: 'b07ec268db7b38d2c97c827742ede5e9') in 0.015322 seconds 
  Import took 0.019090 seconds .

========================================================================
Received Import Request.
  Time since last request: 0.000267 seconds.
  path: Assets/_Bad_Raccoon/_3D Realistic Terrain Free/Textures/CloudBlur.png
  artifactKey: Guid(372589839a9c7c84594bb21c04c76f09) Importer(815301076,1909f56bfc062723c751e8b465ee728b)
Start importing Assets/_Bad_Raccoon/_3D Realistic Terrain Free/Textures/CloudBlur.png using Guid(372589839a9c7c84594bb21c04c76f09) Importer(815301076,1909f56bfc062723c751e8b465ee728b)  -> (artifact id: 'a455dd44bedb1bff1b4491f9c3328d34') in 0.014750 seconds 
  Import took 0.019797 seconds .

========================================================================
Received Import Request.
  Time since last request: 0.000306 seconds.
  path: Assets/_Bad_Raccoon/_3D Realistic Terrain Free/Textures/Diffuse_8K_Flat_A.png
  artifactKey: Guid(61cd40e5a441efb4e8e848d1633a38ae) Importer(815301076,1909f56bfc062723c751e8b465ee728b)
Start importing Assets/_Bad_Raccoon/_3D Realistic Terrain Free/Textures/Diffuse_8K_Flat_A.png using Guid(61cd40e5a441efb4e8e848d1633a38ae) Importer(815301076,1909f56bfc062723c751e8b465ee728b)  -> (artifact id: '837fc11168c380a269aff8bb24e55d0f') in 0.076798 seconds 
  Import took 0.086211 seconds .

========================================================================
Received Import Request.
  Time since last request: 0.000323 seconds.
  path: Assets/_Bad_Raccoon/_3D Realistic Terrain Free/Textures/Diffuse_8K_Flat_B.png
  artifactKey: Guid(fc768d5bf2927494197b36691d6fc6f4) Importer(815301076,1909f56bfc062723c751e8b465ee728b)
Start importing Assets/_Bad_Raccoon/_3D Realistic Terrain Free/Textures/Diffuse_8K_Flat_B.png using Guid(fc768d5bf2927494197b36691d6fc6f4) Importer(815301076,1909f56bfc062723c751e8b465ee728b)  -> (artifact id: '1369d44adf7f17c7777a2a98ea156448') in 0.079993 seconds 
  Import took 0.088035 seconds .

========================================================================
Received Import Request.
  Time since last request: 0.000301 seconds.
  path: Assets/_Bad_Raccoon/_3D Realistic Terrain Free/Textures/Diffuse_8K_Flat_C.png
  artifactKey: Guid(217529463d18ec548b3ae57962bfa781) Importer(815301076,1909f56bfc062723c751e8b465ee728b)
Start importing Assets/_Bad_Raccoon/_3D Realistic Terrain Free/Textures/Diffuse_8K_Flat_C.png using Guid(217529463d18ec548b3ae57962bfa781) Importer(815301076,1909f56bfc062723c751e8b465ee728b)  -> (artifact id: '9b48be1aab59472862562014b59ee00e') in 0.081716 seconds 
  Import took 0.089919 seconds .

========================================================================
Received Import Request.
  Time since last request: 0.000260 seconds.
  path: Assets/_Bad_Raccoon/_3D Realistic Terrain Free/Textures/CloudBlur.mat
  artifactKey: Guid(a6003e66fc76447488796c7f0b80851c) Importer(815301076,1909f56bfc062723c751e8b465ee728b)
Start importing Assets/_Bad_Raccoon/_3D Realistic Terrain Free/Textures/CloudBlur.mat using Guid(a6003e66fc76447488796c7f0b80851c) Importer(815301076,1909f56bfc062723c751e8b465ee728b)  -> (artifact id: '4a0f117c1396a3af5f86542324ebe6c9') in 0.011183 seconds 
  Import took 0.015772 seconds .

========================================================================
Received Import Request.
  Time since last request: 0.000333 seconds.
  path: Assets/_Bad_Raccoon/_3D Realistic Terrain Free/Textures/Normal_8K_Flat_A.png
  artifactKey: Guid(25730c9c127766f4cacd99fd1288f0be) Importer(815301076,1909f56bfc062723c751e8b465ee728b)
Start importing Assets/_Bad_Raccoon/_3D Realistic Terrain Free/Textures/Normal_8K_Flat_A.png using Guid(25730c9c127766f4cacd99fd1288f0be) Importer(815301076,1909f56bfc062723c751e8b465ee728b)  -> (artifact id: 'ada3cc73a808a76682ab098969ce04c9') in 0.087568 seconds 
  Import took 0.097710 seconds .

========================================================================
Received Import Request.
  Time since last request: 34.350072 seconds.
  path: Assets/_Bad_Raccoon/_3D Realistic Terrain Free/Prefabs
  artifactKey: Guid(e739ed69ceea7534c8815f6a9862a035) Importer(815301076,1909f56bfc062723c751e8b465ee728b)
Start importing Assets/_Bad_Raccoon/_3D Realistic Terrain Free/Prefabs using Guid(e739ed69ceea7534c8815f6a9862a035) Importer(815301076,1909f56bfc062723c751e8b465ee728b)  -> (artifact id: 'f48ab2c40d91b5af2d7a74163e831940') in 0.010300 seconds 
  Import took 0.014522 seconds .

========================================================================
Received Prepare
Registering precompiled user dll's ...
Registered in 0.011670 seconds.
Begin MonoManager ReloadAssembly
Native extension for WindowsStandalone target not found
Refreshing native plugins compatible for Editor in 1.24 ms, found 3 plugins.
Preloading 0 native plugins for Editor in 0.00 ms.
Mono: successfully reloaded assembly
- Completed reload, in  0.995 seconds
Domain Reload Profiling:
	ReloadAssembly (995ms)
		BeginReloadAssembly (106ms)
			ExecutionOrderSort (0ms)
			DisableScriptedObjects (4ms)
			BackupInstance (0ms)
			ReleaseScriptingObjects (0ms)
			CreateAndSetChildDomain (33ms)
		EndReloadAssembly (832ms)
			LoadAssemblies (87ms)
			RebuildTransferFunctionScriptingTraits (0ms)
			SetupTypeCache (306ms)
			ReleaseScriptCaches (1ms)
			RebuildScriptCaches (42ms)
			SetupLoadedEditorAssemblies (284ms)
				LogAssemblyErrors (0ms)
				InitializePlatformSupportModulesInManaged (4ms)
				SetLoadedEditorAssemblies (1ms)
				RefreshPlugins (1ms)
				BeforeProcessingInitializeOnLoad (84ms)
				ProcessInitializeOnLoadAttributes (179ms)
				ProcessInitializeOnLoadMethodAttributes (9ms)
				AfterProcessingInitializeOnLoad (6ms)
				EditorAssembliesLoaded (0ms)
			ExecutionOrderSort2 (0ms)
			AwakeInstancesAfterBackupRestoration (6ms)
Platform modules already initialized, skipping
Refreshing native plugins compatible for Editor in 0.85 ms, found 3 plugins.
Preloading 0 native plugins for Editor in 0.00 ms.
Unloading 2478 Unused Serialized files (Serialized files now loaded: 0)
System memory in use before: 114.9 MB.
System memory in use after: 115.1 MB.

Unloading 61 unused Assets to reduce memory usage. Loaded Objects now: 2947.
Total: 2.948700 ms (FindLiveObjects: 0.245400 ms CreateObjectMapping: 0.101000 ms MarkObjects: 2.550000 ms  DeleteObjects: 0.051300 ms)

AssetImportParameters requested are different than current active one (requested -> active):
  custom:framework-win-MediaFoundation: 216162199b28c13a410421893ffa2e32 -> 
  custom:video-decoder-ogg-theora: a1e56fd34408186e4bbccfd4996cb3dc -> 
  custom:container-muxer-webm: aa71ff27fc2769a1b78a27578f13a17b -> 
  custom:container-demuxer-webm: 4f35f7cbe854078d1ac9338744f61a02 -> 
  custom:container-demuxer-ogg: 62fdf1f143b41e24485cea50d1cbac27 -> 
  custom:video-encoder-webm-vp8: eb34c28f22e8b96e1ab97ce403110664 -> 
  custom:video-decoder-webm-vp8: 9c59270c3fd7afecdb556c50c9e8de78 -> 
  custom:audio-decoder-ogg-vorbis: bf7c407c2cedff20999df2af8eb42d56 -> 
  custom:audio-encoder-webm-vorbis: bf7c407c2cedff20999df2af8eb42d56 -> 
========================================================================
Received Import Request.
  Time since last request: 837.367862 seconds.
  path: Assets/_Bad_Raccoon/_3D Realistic Terrain Free/Terrains/Terrain_A.asset
  artifactKey: Guid(23d26b86ae9aa7042832be147d4e4f83) Importer(815301076,1909f56bfc062723c751e8b465ee728b)
Start importing Assets/_Bad_Raccoon/_3D Realistic Terrain Free/Terrains/Terrain_A.asset using Guid(23d26b86ae9aa7042832be147d4e4f83) Importer(815301076,1909f56bfc062723c751e8b465ee728b)  -> (artifact id: '8932fe247d1e9504a643d262ae1fc066') in 0.129405 seconds 
  Import took 0.133937 seconds .

AssetImportWorkerClient::OnTransportError - code=2 error=End of file
